2024-10-27 01:36:32,214 - ERROR - Error loading ASGI app. Could not import module "main".
2024-10-27 01:36:32,290 - INFO - 1 change detected
2024-10-27 01:36:32,642 - INFO - 1 change detected
2024-10-27 01:36:32,993 - INFO - 1 change detected
2024-10-27 01:36:33,343 - INFO - 1 change detected
2024-10-27 01:36:33,694 - INFO - 1 change detected
2024-10-27 01:36:34,045 - INFO - 1 change detected
2024-10-27 01:36:34,396 - INFO - 1 change detected
2024-10-27 01:36:34,747 - INFO - 1 change detected
2024-10-27 01:36:35,097 - INFO - 1 change detected
2024-10-27 01:36:35,448 - INFO - 1 change detected
2024-10-27 01:36:35,798 - INFO - 1 change detected
2024-10-27 01:36:36,150 - INFO - 1 change detected
2024-10-27 01:36:36,500 - INFO - 1 change detected
2024-10-27 01:36:36,851 - INFO - 1 change detected
2024-10-27 01:36:37,202 - INFO - 1 change detected
2024-10-27 01:36:37,553 - INFO - 1 change detected
2024-10-27 01:36:37,904 - INFO - 1 change detected
2024-10-27 01:36:38,254 - INFO - 1 change detected
2024-10-27 01:36:38,605 - INFO - 1 change detected
2024-10-27 01:36:38,956 - INFO - 1 change detected
2024-10-27 01:36:39,307 - INFO - 1 change detected
2024-10-27 01:36:39,658 - INFO - 1 change detected
2024-10-27 01:36:40,008 - INFO - 1 change detected
2024-10-27 01:36:40,359 - INFO - 1 change detected
2024-10-27 01:36:40,710 - INFO - 1 change detected
2024-10-27 01:36:41,061 - INFO - 1 change detected
2024-10-27 01:36:41,411 - INFO - 1 change detected
2024-10-27 01:36:41,762 - INFO - 1 change detected
2024-10-27 01:36:42,113 - INFO - 1 change detected
2024-10-27 01:36:42,464 - INFO - 1 change detected
2024-10-27 01:36:42,814 - INFO - 1 change detected
2024-10-27 01:36:43,166 - INFO - 1 change detected
2024-10-27 01:36:43,516 - INFO - 1 change detected
2024-10-27 01:36:43,868 - INFO - 1 change detected
2024-10-27 01:36:44,221 - INFO - 1 change detected
2024-10-27 01:36:44,572 - INFO - 1 change detected
2024-10-27 01:36:44,923 - INFO - 1 change detected
2024-10-27 01:36:45,274 - INFO - 1 change detected
2024-10-27 01:36:45,625 - INFO - 1 change detected
2024-10-27 01:36:45,975 - INFO - 1 change detected
2024-10-27 01:36:46,326 - INFO - 1 change detected
2024-10-27 01:36:46,677 - INFO - 1 change detected
2024-10-27 01:36:47,029 - INFO - 1 change detected
2024-10-27 01:36:47,380 - INFO - 1 change detected
2024-10-27 01:36:47,731 - INFO - 1 change detected
2024-10-27 01:36:48,082 - INFO - 1 change detected
2024-10-27 01:36:48,433 - INFO - 1 change detected
2024-10-27 01:36:48,784 - INFO - 1 change detected
2024-10-27 01:36:49,136 - INFO - 1 change detected
2024-10-27 01:36:49,487 - INFO - 1 change detected
2024-10-27 01:36:49,839 - INFO - 1 change detected
2024-10-27 01:36:50,192 - INFO - 1 change detected
2024-10-27 01:36:50,543 - INFO - 1 change detected
2024-10-27 01:36:50,894 - INFO - 1 change detected
2024-10-27 01:36:51,246 - INFO - 1 change detected
2024-10-27 01:36:51,597 - INFO - 1 change detected
2024-10-27 01:36:51,948 - INFO - 1 change detected
2024-10-27 01:36:52,300 - INFO - 1 change detected
2024-10-27 01:36:52,651 - INFO - 1 change detected
2024-10-27 01:36:53,002 - INFO - 1 change detected
2024-10-27 01:36:53,354 - INFO - 1 change detected
2024-10-27 01:36:53,706 - INFO - 1 change detected
2024-10-27 01:36:54,057 - INFO - 1 change detected
2024-10-27 01:36:54,408 - INFO - 1 change detected
2024-10-27 01:36:54,760 - INFO - 1 change detected
2024-10-27 01:36:55,110 - INFO - 1 change detected
2024-10-27 01:36:55,461 - INFO - 1 change detected
2024-10-27 01:36:55,812 - INFO - 1 change detected
2024-10-27 01:36:56,163 - INFO - 1 change detected
2024-10-27 01:36:56,514 - INFO - 1 change detected
2024-10-27 01:36:56,865 - INFO - 1 change detected
2024-10-27 01:36:57,215 - INFO - 1 change detected
2024-10-27 01:36:57,566 - INFO - 1 change detected
2024-10-27 01:36:57,916 - INFO - 1 change detected
2024-10-27 01:36:58,267 - INFO - 1 change detected
2024-10-27 01:36:58,617 - INFO - 1 change detected
2024-10-27 01:36:58,970 - INFO - 1 change detected
2024-10-27 01:36:59,321 - INFO - 1 change detected
2024-10-27 01:36:59,672 - INFO - 1 change detected
2024-10-27 01:37:00,022 - INFO - 1 change detected
2024-10-27 01:37:00,373 - INFO - 1 change detected
2024-10-27 01:37:00,723 - INFO - 1 change detected
2024-10-27 01:37:01,074 - INFO - 1 change detected
2024-10-27 01:37:01,424 - INFO - 1 change detected
2024-10-27 01:37:01,775 - INFO - 1 change detected
2024-10-27 01:37:02,126 - INFO - 1 change detected
2024-10-27 01:37:02,477 - INFO - 1 change detected
2024-10-27 01:37:02,828 - INFO - 1 change detected
2024-10-27 01:37:03,179 - INFO - 1 change detected
2024-10-27 01:37:03,529 - INFO - 1 change detected
2024-10-27 01:37:03,880 - INFO - 1 change detected
2024-10-27 01:37:04,230 - INFO - 1 change detected
2024-10-27 01:37:04,581 - INFO - 1 change detected
2024-10-27 01:37:04,933 - INFO - 1 change detected
2024-10-27 01:37:05,283 - INFO - 1 change detected
2024-10-27 01:37:05,634 - INFO - 1 change detected
2024-10-27 01:37:05,985 - INFO - 1 change detected
2024-10-27 01:37:06,335 - INFO - 1 change detected
2024-10-27 01:37:06,686 - INFO - 1 change detected
2024-10-27 01:37:07,037 - INFO - 1 change detected
2024-10-27 01:37:07,387 - INFO - 1 change detected
2024-10-27 01:37:07,738 - INFO - 1 change detected
2024-10-27 01:37:08,088 - INFO - 1 change detected
2024-10-27 01:37:08,439 - INFO - 1 change detected
2024-10-27 01:37:08,790 - INFO - 1 change detected
2024-10-27 01:37:09,142 - INFO - 1 change detected
2024-10-27 01:37:09,493 - INFO - 1 change detected
2024-10-27 01:37:09,844 - INFO - 1 change detected
2024-10-27 01:37:10,195 - INFO - 1 change detected
2024-10-27 01:37:10,546 - INFO - 1 change detected
2024-10-27 01:37:10,897 - INFO - 1 change detected
2024-10-27 01:37:11,248 - INFO - 1 change detected
2024-10-27 01:37:11,598 - INFO - 1 change detected
2024-10-27 01:37:11,949 - INFO - 1 change detected
2024-10-27 01:37:12,299 - INFO - 1 change detected
2024-10-27 01:37:12,650 - INFO - 1 change detected
2024-10-27 01:37:13,001 - INFO - 1 change detected
2024-10-27 01:37:13,352 - INFO - 1 change detected
2024-10-27 01:37:13,703 - INFO - 1 change detected
2024-10-27 01:37:14,054 - INFO - 1 change detected
2024-10-27 01:37:14,404 - INFO - 1 change detected
2024-10-27 01:37:14,756 - INFO - 1 change detected
2024-10-27 01:37:15,108 - INFO - 1 change detected
2024-10-27 01:37:15,458 - INFO - 1 change detected
2024-10-27 01:37:15,809 - INFO - 1 change detected
2024-10-27 01:37:16,160 - INFO - 1 change detected
2024-10-27 01:37:16,511 - INFO - 1 change detected
2024-10-27 01:37:16,862 - INFO - 1 change detected
2024-10-27 01:37:17,213 - INFO - 1 change detected
2024-10-27 01:37:17,564 - INFO - 1 change detected
2024-10-27 01:37:17,915 - INFO - 1 change detected
2024-10-27 01:37:18,266 - INFO - 1 change detected
2024-10-27 01:37:18,618 - INFO - 1 change detected
2024-10-27 01:37:18,968 - INFO - 1 change detected
2024-10-27 01:37:19,320 - INFO - 1 change detected
2024-10-27 01:37:19,671 - INFO - 1 change detected
2024-10-27 01:37:20,022 - INFO - 1 change detected
2024-10-27 01:37:20,374 - INFO - 1 change detected
2024-10-27 01:37:20,724 - INFO - 1 change detected
2024-10-27 01:37:21,075 - INFO - 1 change detected
2024-10-27 01:37:21,426 - INFO - 1 change detected
2024-10-27 01:37:21,777 - INFO - 2 changes detected
2024-10-27 01:37:22,140 - INFO - 1 change detected
2024-10-27 01:37:22,491 - INFO - 1 change detected
2024-10-27 01:37:22,842 - INFO - 1 change detected
2024-10-27 01:37:23,192 - INFO - 1 change detected
2024-10-27 01:37:23,543 - INFO - 1 change detected
2024-10-27 01:37:23,893 - INFO - 1 change detected
2024-10-27 01:37:24,244 - INFO - 1 change detected
2024-10-27 01:37:24,594 - INFO - 1 change detected
2024-10-27 01:37:24,945 - INFO - 1 change detected
2024-10-27 01:37:31,405 - ERROR - Error loading ASGI app. Could not import module "main".
2024-10-27 01:37:50,305 - ERROR - Error loading ASGI app. Could not import module "main".
2024-10-27 01:43:32,127 - ERROR - Error loading ASGI app. Could not import module "app".
2024-10-27 01:44:00,828 - ERROR - Error loading ASGI app. Could not import module "apapp".
2024-10-27 01:45:07,291 - ERROR - Error loading ASGI app. Could not import module "app".
